<?xml version="1.0" encoding="utf-8"?><testsuites name="pytest tests"><testsuite name="pytest" errors="0" failures="0" skipped="0" tests="17" time="1.720" timestamp="2026-02-10T10:40:39.128357+00:00" hostname="agent-env-6b9c5c84-f175-4727-9f95-24942a48c0c2"><testcase classname="tests.test_racing_api.TestHealthAndBasicEndpoints" name="test_api_root" time="0.093" /><testcase classname="tests.test_racing_api.TestHealthAndBasicEndpoints" name="test_scraper_status" time="0.042" /><testcase classname="tests.test_racing_api.TestHealthAndBasicEndpoints" name="test_tracks_endpoint" time="0.043" /><testcase classname="tests.test_racing_api.TestBankrollEndpoints" name="test_get_bankroll" time="0.044" /><testcase classname="tests.test_racing_api.TestBankrollEndpoints" name="test_update_bankroll" time="0.129" /><testcase classname="tests.test_racing_api.TestLiveRacecardsEndpoint" name="test_get_todays_racecards" time="0.421" /><testcase classname="tests.test_racing_api.TestRaceAnalysisEndpoint" name="test_analyze_live_race" time="0.095" /><testcase classname="tests.test_racing_api.TestRaceAnalysisEndpoint" name="test_analyze_mock_race" time="0.042" /><testcase classname="tests.test_racing_api.TestBettingEndpoints" name="test_get_bets_empty_or_existing" time="0.041" /><testcase classname="tests.test_racing_api.TestBettingEndpoints" name="test_place_bet" time="0.046" /><testcase classname="tests.test_racing_api.TestBettingEndpoints" name="test_place_and_settle_bet_win" time="0.079" /><testcase classname="tests.test_racing_api.TestBettingEndpoints" name="test_place_and_settle_bet_loss" time="0.115" /><testcase classname="tests.test_racing_api.TestBettingEndpoints" name="test_cannot_settle_already_settled_bet" time="0.118" /><testcase classname="tests.test_racing_api.TestStatisticsEndpoint" name="test_get_statistics" time="0.037" /><testcase classname="tests.test_racing_api.TestEdgeCases" name="test_analyze_invalid_race_id" time="0.039" /><testcase classname="tests.test_racing_api.TestEdgeCases" name="test_settle_nonexistent_bet" time="0.039" /><testcase classname="tests.test_racing_api.TestEdgeCases" name="test_place_bet_exceeds_max_stake" time="0.077" /></testsuite></testsuites>