<?xml version="1.0" encoding="utf-8"?><testsuites name="pytest tests"><testsuite name="pytest" errors="0" failures="1" skipped="0" tests="20" time="5.334" timestamp="2026-05-15T02:08:04.706208+00:00" hostname="agent-env-c61c2446-5163-42d1-802e-1c9bc10c5128"><testcase classname="backend.tests.test_racing_api.TestHealthAndBasicEndpoints" name="test_api_root" time="0.209" /><testcase classname="backend.tests.test_racing_api.TestHealthAndBasicEndpoints" name="test_scraper_status" time="0.196" /><testcase classname="backend.tests.test_racing_api.TestHealthAndBasicEndpoints" name="test_tracks_endpoint" time="0.110" /><testcase classname="backend.tests.test_racing_api.TestBankrollEndpoints" name="test_get_bankroll" time="0.151" /><testcase classname="backend.tests.test_racing_api.TestBankrollEndpoints" name="test_update_bankroll" time="0.410" /><testcase classname="backend.tests.test_racing_api.TestLiveRacecardsEndpoint" name="test_get_todays_racecards" time="0.836" /><testcase classname="backend.tests.test_racing_api.TestBestBetsEndpoint" name="test_get_best_bets" time="0.130" /><testcase classname="backend.tests.test_racing_api.TestResultsEndpoint" name="test_get_results" time="0.261" /><testcase classname="backend.tests.test_racing_api.TestResultsEndpoint" name="test_results_settled_bet_persistence" time="0.675" /><testcase classname="backend.tests.test_racing_api.TestRaceAnalysisEndpoint" name="test_analyze_live_race" time="0.287"><failure message="assert 500 == 200&#10; +  where 500 = &lt;Response [500]&gt;.status_code">E   assert 500 == 200
     +  where 500 = &lt;Response [500]&gt;.status_code</failure></testcase><testcase classname="backend.tests.test_racing_api.TestRaceAnalysisEndpoint" name="test_analyze_mock_race" time="0.221" /><testcase classname="backend.tests.test_racing_api.TestBettingEndpoints" name="test_get_bets_empty_or_existing" time="0.105" /><testcase classname="backend.tests.test_racing_api.TestBettingEndpoints" name="test_place_bet" time="0.109" /><testcase classname="backend.tests.test_racing_api.TestBettingEndpoints" name="test_place_and_settle_bet_win" time="0.266" /><testcase classname="backend.tests.test_racing_api.TestBettingEndpoints" name="test_place_and_settle_bet_loss" time="0.225" /><testcase classname="backend.tests.test_racing_api.TestBettingEndpoints" name="test_cannot_settle_already_settled_bet" time="0.320" /><testcase classname="backend.tests.test_racing_api.TestStatisticsEndpoint" name="test_get_statistics" time="0.123" /><testcase classname="backend.tests.test_racing_api.TestEdgeCases" name="test_analyze_invalid_race_id" time="0.144" /><testcase classname="backend.tests.test_racing_api.TestEdgeCases" name="test_settle_nonexistent_bet" time="0.192" /><testcase classname="backend.tests.test_racing_api.TestEdgeCases" name="test_place_bet_exceeds_max_stake" time="0.257" /></testsuite></testsuites>